[-] Unloading gcc  7.4.0  ... 
[+] Loading gcc  7.4.0  ... 
created symbolic link Tue Sep 28 16:13:00 EDT 2021
Tue Sep 28 16:13:00 EDT 2021
LN_GROW_LAYERS -rim rim.scaled.nii -N 1000 -vinc 60 -threeD
Layer calculation will be done in 3D.
 =======================
LAYNII v2.1.1          
=======================
LN_GROW_LAYERS

    File name: rim.scaled.nii
    Image details: 648 X | 864 Y | 480 Z | 1 T 
    Voxel size = 0.200617 x 0.200617 x 0.2
    Datatype = 2

  Using 1000 layers.
  Calculate layers up to cortical thicknesses of 60 voxels 
  Starting 3D loop...
  Select GM regions...
  Start growing from WM...
  Start growing from CSF...
  Correcting for Pytagoras error...
  Running until here...
  Running also until here...
/var/spool/slurm/slurmd/job24151057/slurm_script: line 29:  8799 Segmentation fault      LN_GROW_LAYERS -rim rim.scaled.nii -N 1000 -vinc 60 -threeD
FAIL: fail on LN_GROW_LAYERS Tue Sep 28 19:32:21 EDT 2021
