running regressLayers.job
[-] Unloading Matlab  2021a  on cn0857 
[+] Loading Matlab  2021a  on cn0857 
[-] Unloading matlab-spm, version 12.7219...
[+] Loading matlab-spm, version 12.7219...
[-] Unloading gcc  7.3.0  ... 
[-] Unloading ANTs  2.3.2 
[+] Loading gcc  7.3.0  ... 
[+] Loading ANTs  2.3.2 
[-] Unloading AFNI current-openmp  ... 
[+] Loading AFNI current-openmp  ... 
AFNI/current-openmp last updated  2021-09-23

[-] Unloading freesurfer  7.1.1 on cn0857 
[+] Loading freesurfer  7.1.1  on cn0857 
[-] Unloading FSL 6.0.4  ... 
[+] Loading FSL 6.0.4  ... 
[-] Unloading python 3.7  ... 
[+] Loading python 3.7  ... 
                        
EPI set using: /data/kleinrl/ds003216/derivatives/sub-01/VASO_func/sub-01_ses-04_task-movie_run-02_VASO.nii
                                                         
----------------------------------
YOU NEED TO SUPPLY: 
               spm_path - location of spm files ('matlab_toolbox')
               ds_dir - location of data ('ds003216-download')
               EPI_base - currently working with 
                         'sub-01_ses-06_task-movie_run-05_VASO' 
                         main_anat.sh for processing MP2RAGE, then loop 
                         main_EPI.sh for each EPI
----------------------------------
project_dir: /home/kleinrl/projects/laminar_fmri
spm_path:    
tools_dir:   /home/kleinrl/projects/laminar_fmri/tools
cmds_dir:    /home/kleinrl/projects/laminar_fmri/cmds
EPI:         /data/kleinrl/ds003216/derivatives/sub-01/VASO_func/sub-01_ses-04_task-movie_run-02_VASO.nii
EPI_base     sub-01_ses-04_task-movie_run-02_VASO
----------------------------------
                                                                                
                                                                                
[-] Unloading python 3.7  ... 
[+] Loading python 3.7  ... 
seed/control-perms: 0/16 EPIs: 0/18 total: 0/288
seed/control-perms: 0/16 EPIs: 1/18 total: 1/288
seed/control-perms: 0/16 EPIs: 2/18 total: 2/288
fix missing ROI
No such file or no access: '/data/kleinrl/ds003216/sub-01/ses-01/anat/sub-01_ses-01_run-01_T1w_working_recon-all/sub-01_ses-01_run-01_T1w//LAYNII_sub-01_ses-04_task-movie_run-02_VASO/rois.hcp/1001.L_V1.nii'
fix this - missing rois
/data/kleinrl/ds003216/sub-01/ses-01/anat/sub-01_ses-01_run-01_T1w_working_recon-all/sub-01_ses-01_run-01_T1w//LAYNII_sub-01_ses-04_task-movie_run-02_VASO/rois.hcp/1001.L_V1.nii
seed/control-perms: 0/16 EPIs: 3/18 total: 3/288
seed/control-perms: 0/16 EPIs: 4/18 total: 4/288
seed/control-perms: 0/16 EPIs: 5/18 total: 5/288
seed/control-perms: 0/16 EPIs: 6/18 total: 6/288
seed/control-perms: 0/16 EPIs: 7/18 total: 7/288
seed/control-perms: 0/16 EPIs: 8/18 total: 8/288
seed/control-perms: 0/16 EPIs: 9/18 total: 9/288
seed/control-perms: 0/16 EPIs: 10/18 total: 10/288
seed/control-perms: 0/16 EPIs: 11/18 total: 11/288
seed/control-perms: 0/16 EPIs: 12/18 total: 12/288
seed/control-perms: 0/16 EPIs: 13/18 total: 13/288
seed/control-perms: 0/16 EPIs: 14/18 total: 14/288
ERROR - sub-01_ses-04_task-movie_run-03_VASO
Input contains NaN, infinity or a value too large for dtype('float64').
seed/control-perms: 0/16 EPIs: 15/18 total: 15/288
seed/control-perms: 0/16 EPIs: 16/18 total: 16/288
seed/control-perms: 0/16 EPIs: 17/18 total: 17/288
seed/control-perms: 1/16 EPIs: 18/18 total: 36/288
seed/control-perms: 1/16 EPIs: 19/18 total: 37/288
seed/control-perms: 1/16 EPIs: 20/18 total: 38/288
fix missing ROI
No such file or no access: '/data/kleinrl/ds003216/sub-01/ses-01/anat/sub-01_ses-01_run-01_T1w_working_recon-all/sub-01_ses-01_run-01_T1w//LAYNII_sub-01_ses-04_task-movie_run-02_VASO/rois.hcp/1001.L_V1.nii'
fix this - missing rois
/data/kleinrl/ds003216/sub-01/ses-01/anat/sub-01_ses-01_run-01_T1w_working_recon-all/sub-01_ses-01_run-01_T1w//LAYNII_sub-01_ses-04_task-movie_run-02_VASO/rois.hcp/1001.L_V1.nii
seed/control-perms: 1/16 EPIs: 21/18 total: 39/288
seed/control-perms: 1/16 EPIs: 22/18 total: 40/288
seed/control-perms: 1/16 EPIs: 23/18 total: 41/288
seed/control-perms: 1/16 EPIs: 24/18 total: 42/288
seed/control-perms: 1/16 EPIs: 25/18 total: 43/288
seed/control-perms: 1/16 EPIs: 26/18 total: 44/288
seed/control-perms: 1/16 EPIs: 27/18 total: 45/288
seed/control-perms: 1/16 EPIs: 28/18 total: 46/288
seed/control-perms: 1/16 EPIs: 29/18 total: 47/288
seed/control-perms: 1/16 EPIs: 30/18 total: 48/288
seed/control-perms: 1/16 EPIs: 31/18 total: 49/288
seed/control-perms: 1/16 EPIs: 32/18 total: 50/288
ERROR - sub-01_ses-04_task-movie_run-03_VASO
Input contains NaN, infinity or a value too large for dtype('float64').
seed/control-perms: 1/16 EPIs: 33/18 total: 51/288
seed/control-perms: 1/16 EPIs: 34/18 total: 52/288
seed/control-perms: 1/16 EPIs: 35/18 total: 53/288
seed/control-perms: 2/16 EPIs: 36/18 total: 72/288
seed/control-perms: 2/16 EPIs: 37/18 total: 73/288
seed/control-perms: 2/16 EPIs: 38/18 total: 74/288
fix missing ROI
No such file or no access: '/data/kleinrl/ds003216/sub-01/ses-01/anat/sub-01_ses-01_run-01_T1w_working_recon-all/sub-01_ses-01_run-01_T1w//LAYNII_sub-01_ses-04_task-movie_run-02_VASO/rois.hcp/1001.L_V1.nii'
fix this - missing rois
/data/kleinrl/ds003216/sub-01/ses-01/anat/sub-01_ses-01_run-01_T1w_working_recon-all/sub-01_ses-01_run-01_T1w//LAYNII_sub-01_ses-04_task-movie_run-02_VASO/rois.hcp/1001.L_V1.nii
seed/control-perms: 2/16 EPIs: 39/18 total: 75/288
seed/control-perms: 2/16 EPIs: 40/18 total: 76/288
seed/control-perms: 2/16 EPIs: 41/18 total: 77/288
seed/control-perms: 2/16 EPIs: 42/18 total: 78/288
seed/control-perms: 2/16 EPIs: 43/18 total: 79/288
seed/control-perms: 2/16 EPIs: 44/18 total: 80/288
seed/control-perms: 2/16 EPIs: 45/18 total: 81/288
seed/control-perms: 2/16 EPIs: 46/18 total: 82/288
seed/control-perms: 2/16 EPIs: 47/18 total: 83/288
seed/control-perms: 2/16 EPIs: 48/18 total: 84/288
seed/control-perms: 2/16 EPIs: 49/18 total: 85/288
seed/control-perms: 2/16 EPIs: 50/18 total: 86/288
ERROR - sub-01_ses-04_task-movie_run-03_VASO
Input contains NaN, infinity or a value too large for dtype('float64').
seed/control-perms: 2/16 EPIs: 51/18 total: 87/288
seed/control-perms: 2/16 EPIs: 52/18 total: 88/288
seed/control-perms: 2/16 EPIs: 53/18 total: 89/288
seed/control-perms: 3/16 EPIs: 54/18 total: 108/288
seed/control-perms: 3/16 EPIs: 55/18 total: 109/288
seed/control-perms: 3/16 EPIs: 56/18 total: 110/288
fix missing ROI
No such file or no access: '/data/kleinrl/ds003216/sub-01/ses-01/anat/sub-01_ses-01_run-01_T1w_working_recon-all/sub-01_ses-01_run-01_T1w//LAYNII_sub-01_ses-04_task-movie_run-02_VASO/rois.hcp/1001.L_V1.nii'
fix this - missing rois
/data/kleinrl/ds003216/sub-01/ses-01/anat/sub-01_ses-01_run-01_T1w_working_recon-all/sub-01_ses-01_run-01_T1w//LAYNII_sub-01_ses-04_task-movie_run-02_VASO/rois.hcp/1001.L_V1.nii
seed/control-perms: 3/16 EPIs: 57/18 total: 111/288
seed/control-perms: 3/16 EPIs: 58/18 total: 112/288
seed/control-perms: 3/16 EPIs: 59/18 total: 113/288
seed/control-perms: 3/16 EPIs: 60/18 total: 114/288
seed/control-perms: 3/16 EPIs: 61/18 total: 115/288
seed/control-perms: 3/16 EPIs: 62/18 total: 116/288
seed/control-perms: 3/16 EPIs: 63/18 total: 117/288
seed/control-perms: 3/16 EPIs: 64/18 total: 118/288
seed/control-perms: 3/16 EPIs: 65/18 total: 119/288
seed/control-perms: 3/16 EPIs: 66/18 total: 120/288
seed/control-perms: 3/16 EPIs: 67/18 total: 121/288
seed/control-perms: 3/16 EPIs: 68/18 total: 122/288
ERROR - sub-01_ses-04_task-movie_run-03_VASO
Input contains NaN, infinity or a value too large for dtype('float64').
seed/control-perms: 3/16 EPIs: 69/18 total: 123/288
seed/control-perms: 3/16 EPIs: 70/18 total: 124/288
seed/control-perms: 3/16 EPIs: 71/18 total: 125/288
seed/control-perms: 4/16 EPIs: 72/18 total: 144/288
seed/control-perms: 4/16 EPIs: 73/18 total: 145/288
seed/control-perms: 4/16 EPIs: 74/18 total: 146/288
fix missing ROI
No such file or no access: '/data/kleinrl/ds003216/sub-01/ses-01/anat/sub-01_ses-01_run-01_T1w_working_recon-all/sub-01_ses-01_run-01_T1w//LAYNII_sub-01_ses-04_task-movie_run-02_VASO/rois.hcp/1001.L_V1.nii'
fix this - missing rois
/data/kleinrl/ds003216/sub-01/ses-01/anat/sub-01_ses-01_run-01_T1w_working_recon-all/sub-01_ses-01_run-01_T1w//LAYNII_sub-01_ses-04_task-movie_run-02_VASO/rois.hcp/1001.L_V1.nii
seed/control-perms: 4/16 EPIs: 75/18 total: 147/288
seed/control-perms: 4/16 EPIs: 76/18 total: 148/288
seed/control-perms: 4/16 EPIs: 77/18 total: 149/288
seed/control-perms: 4/16 EPIs: 78/18 total: 150/288
seed/control-perms: 4/16 EPIs: 79/18 total: 151/288
seed/control-perms: 4/16 EPIs: 80/18 total: 152/288
seed/control-perms: 4/16 EPIs: 81/18 total: 153/288
seed/control-perms: 4/16 EPIs: 82/18 total: 154/288
seed/control-perms: 4/16 EPIs: 83/18 total: 155/288
seed/control-perms: 4/16 EPIs: 84/18 total: 156/288
seed/control-perms: 4/16 EPIs: 85/18 total: 157/288
seed/control-perms: 4/16 EPIs: 86/18 total: 158/288
ERROR - sub-01_ses-04_task-movie_run-03_VASO
Input contains NaN, infinity or a value too large for dtype('float64').
seed/control-perms: 4/16 EPIs: 87/18 total: 159/288
seed/control-perms: 4/16 EPIs: 88/18 total: 160/288
seed/control-perms: 4/16 EPIs: 89/18 total: 161/288
seed/control-perms: 5/16 EPIs: 90/18 total: 180/288
seed/control-perms: 5/16 EPIs: 91/18 total: 181/288
seed/control-perms: 5/16 EPIs: 92/18 total: 182/288
fix missing ROI
No such file or no access: '/data/kleinrl/ds003216/sub-01/ses-01/anat/sub-01_ses-01_run-01_T1w_working_recon-all/sub-01_ses-01_run-01_T1w//LAYNII_sub-01_ses-04_task-movie_run-02_VASO/rois.hcp/1001.L_V1.nii'
fix this - missing rois
/data/kleinrl/ds003216/sub-01/ses-01/anat/sub-01_ses-01_run-01_T1w_working_recon-all/sub-01_ses-01_run-01_T1w//LAYNII_sub-01_ses-04_task-movie_run-02_VASO/rois.hcp/1001.L_V1.nii
seed/control-perms: 5/16 EPIs: 93/18 total: 183/288
seed/control-perms: 5/16 EPIs: 94/18 total: 184/288
seed/control-perms: 5/16 EPIs: 95/18 total: 185/288
seed/control-perms: 5/16 EPIs: 96/18 total: 186/288
seed/control-perms: 5/16 EPIs: 97/18 total: 187/288
seed/control-perms: 5/16 EPIs: 98/18 total: 188/288
seed/control-perms: 5/16 EPIs: 99/18 total: 189/288
seed/control-perms: 5/16 EPIs: 100/18 total: 190/288
seed/control-perms: 5/16 EPIs: 101/18 total: 191/288
seed/control-perms: 5/16 EPIs: 102/18 total: 192/288
seed/control-perms: 5/16 EPIs: 103/18 total: 193/288
seed/control-perms: 5/16 EPIs: 104/18 total: 194/288
ERROR - sub-01_ses-04_task-movie_run-03_VASO
Input contains NaN, infinity or a value too large for dtype('float64').
seed/control-perms: 5/16 EPIs: 105/18 total: 195/288
seed/control-perms: 5/16 EPIs: 106/18 total: 196/288
seed/control-perms: 5/16 EPIs: 107/18 total: 197/288
seed/control-perms: 6/16 EPIs: 108/18 total: 216/288
seed/control-perms: 6/16 EPIs: 109/18 total: 217/288
seed/control-perms: 6/16 EPIs: 110/18 total: 218/288
fix missing ROI
No such file or no access: '/data/kleinrl/ds003216/sub-01/ses-01/anat/sub-01_ses-01_run-01_T1w_working_recon-all/sub-01_ses-01_run-01_T1w//LAYNII_sub-01_ses-04_task-movie_run-02_VASO/rois.hcp/1001.L_V1.nii'
fix this - missing rois
/data/kleinrl/ds003216/sub-01/ses-01/anat/sub-01_ses-01_run-01_T1w_working_recon-all/sub-01_ses-01_run-01_T1w//LAYNII_sub-01_ses-04_task-movie_run-02_VASO/rois.hcp/1001.L_V1.nii
seed/control-perms: 6/16 EPIs: 111/18 total: 219/288
seed/control-perms: 6/16 EPIs: 112/18 total: 220/288
seed/control-perms: 6/16 EPIs: 113/18 total: 221/288
seed/control-perms: 6/16 EPIs: 114/18 total: 222/288
seed/control-perms: 6/16 EPIs: 115/18 total: 223/288
seed/control-perms: 6/16 EPIs: 116/18 total: 224/288
seed/control-perms: 6/16 EPIs: 117/18 total: 225/288
seed/control-perms: 6/16 EPIs: 118/18 total: 226/288
seed/control-perms: 6/16 EPIs: 119/18 total: 227/288
seed/control-perms: 6/16 EPIs: 120/18 total: 228/288
seed/control-perms: 6/16 EPIs: 121/18 total: 229/288
seed/control-perms: 6/16 EPIs: 122/18 total: 230/288
ERROR - sub-01_ses-04_task-movie_run-03_VASO
Input contains NaN, infinity or a value too large for dtype('float64').
seed/control-perms: 6/16 EPIs: 123/18 total: 231/288
seed/control-perms: 6/16 EPIs: 124/18 total: 232/288
seed/control-perms: 6/16 EPIs: 125/18 total: 233/288
seed/control-perms: 7/16 EPIs: 126/18 total: 252/288
seed/control-perms: 7/16 EPIs: 127/18 total: 253/288
seed/control-perms: 7/16 EPIs: 128/18 total: 254/288
fix missing ROI
No such file or no access: '/data/kleinrl/ds003216/sub-01/ses-01/anat/sub-01_ses-01_run-01_T1w_working_recon-all/sub-01_ses-01_run-01_T1w//LAYNII_sub-01_ses-04_task-movie_run-02_VASO/rois.hcp/1001.L_V1.nii'
fix this - missing rois
/data/kleinrl/ds003216/sub-01/ses-01/anat/sub-01_ses-01_run-01_T1w_working_recon-all/sub-01_ses-01_run-01_T1w//LAYNII_sub-01_ses-04_task-movie_run-02_VASO/rois.hcp/1001.L_V1.nii
seed/control-perms: 7/16 EPIs: 129/18 total: 255/288
seed/control-perms: 7/16 EPIs: 130/18 total: 256/288
seed/control-perms: 7/16 EPIs: 131/18 total: 257/288
seed/control-perms: 7/16 EPIs: 132/18 total: 258/288
seed/control-perms: 7/16 EPIs: 133/18 total: 259/288
seed/control-perms: 7/16 EPIs: 134/18 total: 260/288
seed/control-perms: 7/16 EPIs: 135/18 total: 261/288
seed/control-perms: 7/16 EPIs: 136/18 total: 262/288
seed/control-perms: 7/16 EPIs: 137/18 total: 263/288
seed/control-perms: 7/16 EPIs: 138/18 total: 264/288
seed/control-perms: 7/16 EPIs: 139/18 total: 265/288
seed/control-perms: 7/16 EPIs: 140/18 total: 266/288
ERROR - sub-01_ses-04_task-movie_run-03_VASO
Input contains NaN, infinity or a value too large for dtype('float64').
seed/control-perms: 7/16 EPIs: 141/18 total: 267/288
slurmstepd: error: *** JOB 23755362 ON cn0857 CANCELLED AT 2021-09-23T20:59:31 ***
