[-] Unloading Matlab  2021a  on cn1000 
[+] Loading Matlab  2021a  on cn1000 
[-] Unloading matlab-spm, version 12.7219...
[+] Loading matlab-spm, version 12.7219...
[-] Unloading gcc  7.3.0  ... 
[-] Unloading ANTs  2.3.2 
[+] Loading gcc  7.3.0  ... 
[+] Loading ANTs  2.3.2 
[-] Unloading AFNI current-openmp  ... 
[+] Loading AFNI current-openmp  ... 
AFNI/current-openmp last updated  2021-09-28

[-] Unloading freesurfer  7.1.1 on cn1000 
[+] Loading freesurfer  7.1.1  on cn1000 
[-] Unloading FSL 6.0.4  ... 
[+] Loading FSL 6.0.4  ... 
[-] Unloading python 3.7  ... 
[+] Loading python 3.7  ... 
                        
EPI set using: /data/kleinrl/ds003216/derivatives/sub-01/VASO_func/sub-01_ses-04_task-movie_run-01_VASO.nii
                                                         
----------------------------------
YOU NEED TO SUPPLY: 
               spm_path - location of spm files ('matlab_toolbox')
               ds_dir - location of data ('ds003216-download')
               EPI_base - currently working with 
                         'sub-01_ses-06_task-movie_run-05_VASO' 
                         main_anat.sh for processing MP2RAGE, then loop 
                         main_EPI.sh for each EPI
----------------------------------
project_dir: /home/kleinrl/projects/laminar_fmri
spm_path:    
tools_dir:   /home/kleinrl/projects/laminar_fmri/tools
cmds_dir:    /home/kleinrl/projects/laminar_fmri/cmds
EPI:         /data/kleinrl/ds003216/derivatives/sub-01/VASO_func/sub-01_ses-04_task-movie_run-01_VASO.nii
EPI_base     sub-01_ses-04_task-movie_run-01_VASO
----------------------------------
                                                                                
                                                                                
RUNNING: run_ANTS this will calculate the xfm from ANAT to EPI_mean and
and apply the xfm producing warped_MP2RAGE.nii
'warp_ANTS_resampleNN.sh <input_nii> <master_file>' will 
apply this xfm using nearestneighbor so only use with parcs
/data/kleinrl/ds003216/derivatives/sub-01/VASO_func/sub-01_ses-04_task-movie_run-01_VASO_working_bias/muncorr.nii
/data/kleinrl/ds003216/sub-01/ses-01/anat/sub-01_ses-01_run-01_T1w.bias.nii
EPI_mean:             /data/kleinrl/ds003216/derivatives/sub-01/VASO_func/sub-01_ses-04_task-movie_run-01_VASO_working_bias/muncorr.nii
ANAT:                 /data/kleinrl/ds003216/sub-01/ses-01/anat/sub-01_ses-01_run-01_T1w.bias.nii
dir_name:             /data/kleinrl/ds003216/derivatives/sub-01/VASO_func/sub-01_ses-04_task-movie_run-01_VASO_working_bias
base_name:            muncorr.nii
working dir:          /data/kleinrl/ds003216/derivatives/sub-01/VASO_func/sub-01_ses-04_task-movie_run-01_VASO_working_ANTs
creating working dir
I expect 2 files. the T1_weighted EPI.nii and a MP2RAGE_orig.nii (renzo)
we are using the T1_weighted EPI_bias corrected and MP2RAGE bias corrected
++ 3dcalc: AFNI version=AFNI_21.2.09 (Sep 27 2021) [64-bit]
++ Authored by: A cast of thousands
++ Output dataset ./MP2RAGE.nii
*****************************************
************* starting with ANTS ********
*****************************************
All_Command_lines_OK
Using single precision for computations.
=============================================================================
The composite transform comprises the following transforms (in order): 
  1. initial_matrix.txt (type = MatrixOffsetTransformBase)
=============================================================================
  number of levels = 2
  number of levels = 2
  number of levels = 2
  fixed image: EPI.nii
  moving image: MP2RAGE.nii
  fixed image: EPI.nii
  moving image: MP2RAGE.nii
  fixed image: EPI.nii
  moving image: MP2RAGE.nii
Dimension = 3
Number of stages = 3
Use Histogram Matching false
Winsorize image intensities true
Lower quantile = 0.005
Upper quantile = 0.995
Stage 1 State
   Image metric = CC
     Fixed image = Image (0x2dec420)
  RTTI typeinfo:   itk::Image<float, 3u>
  Reference Count: 2
  Modified Time: 1288
  Debug: Off
  Object Name: 
  Observers: 
    none
  Source: (none)
  Source output name: (none)
  Release Data: Off
  Data Released: False
  Global Release Data: Off
  PipelineMTime: 0
  UpdateMTime: 1071
  RealTimeStamp: 0 seconds 
  LargestPossibleRegion: 
    Dimension: 3
    Index: [0, 0, 0]
    Size: [162, 216, 120]
  BufferedRegion: 
    Dimension: 3
    Index: [0, 0, 0]
    Size: [162, 216, 120]
  RequestedRegion: 
    Dimension: 3
    Index: [0, 0, 0]
    Size: [162, 216, 120]
  Spacing: [0.802469, 0.802469, 0.8]
  Origin: [-64.0361, 62.2044, -29.4552]
  Direction: 
1 0 0
0 -1 0
0 0 1

  IndexToPointMatrix: 
0.802469 0 0
0 -0.802469 0
0 0 0.8

  PointToIndexMatrix: 
1.24615 0 0
0 -1.24615 0
0 0 1.25

  Inverse Direction: 
1 0 0
0 -1 0
0 0 1

  PixelContainer: 
    ImportImageContainer (0x2dec6e0)
      RTTI typeinfo:   itk::ImportImageContainer<unsigned long, float>
      Reference Count: 1
      Modified Time: 1068
      Debug: Off
      Object Name: 
      Observers: 
        none
      Pointer: 0x2aaab0f8d010
      Container manages memory: true
      Size: 4199040
      Capacity: 4199040

     Moving image = Image (0x2dfb730)
  RTTI typeinfo:   itk::Image<float, 3u>
  Reference Count: 2
  Modified Time: 1289
  Debug: Off
  Object Name: 
  Observers: 
    none
  Source: (none)
  Source output name: (none)
  Release Data: Off
  Data Released: False
  Global Release Data: Off
  PipelineMTime: 0
  UpdateMTime: 1286
  RealTimeStamp: 0 seconds 
  LargestPossibleRegion: 
    Dimension: 3
    Index: [0, 0, 0]
    Size: [320, 320, 240]
  BufferedRegion: 
    Dimension: 3
    Index: [0, 0, 0]
    Size: [320, 320, 240]
  RequestedRegion: 
    Dimension: 3
    Index: [0, 0, 0]
    Size: [320, 320, 240]
  Spacing: [0.65, 0.65, 0.65]
  Origin: [77.6828, -138.321, -102.731]
  Direction: 
-0 0 -1
1 -0 0
0 1 -0

  IndexToPointMatrix: 
0 0 -0.65
0.65 0 0
0 0.65 0

  PointToIndexMatrix: 
0 1.53846 0
0 0 1.53846
-1.53846 0 0

  Inverse Direction: 
0 1 0
0 0 1
-1 0 0

  PixelContainer: 
    ImportImageContainer (0x2ddff90)
      RTTI typeinfo:   itk::ImportImageContainer<unsigned long, float>
      Reference Count: 1
      Modified Time: 1283
      Debug: Off
      Object Name: 
      Observers: 
        none
      Pointer: 0x2aaab1f92010
      Container manages memory: true
      Size: 24576000
      Capacity: 24576000

     Weighting = 0.7
     Sampling strategy = regular
     Number of bins = 32
     Radius = 32
     Sampling percentage  = 0.1
   Transform = Rigid
     Gradient step = 0.05
     Update field sigma (voxel space) = 0
     Total field sigma (voxel space) = 0
     Update field time sigma = 0
     Total field time sigma  = 0
     Number of time indices = 0
     Number of time point samples = 0
Stage 2 State
   Image metric = Mattes
     Fixed image = Image (0x2dfef50)
  RTTI typeinfo:   itk::Image<float, 3u>
  Reference Count: 2
  Modified Time: 1720
  Debug: Off
  Object Name: 
  Observers: 
    none
  Source: (none)
  Source output name: (none)
  Release Data: Off
  Data Released: False
  Global Release Data: Off
  PipelineMTime: 0
  UpdateMTime: 1503
  RealTimeStamp: 0 seconds 
  LargestPossibleRegion: 
    Dimension: 3
    Index: [0, 0, 0]
    Size: [162, 216, 120]
  BufferedRegion: 
    Dimension: 3
    Index: [0, 0, 0]
    Size: [162, 216, 120]
  RequestedRegion: 
    Dimension: 3
    Index: [0, 0, 0]
    Size: [162, 216, 120]
  Spacing: [0.802469, 0.802469, 0.8]
  Origin: [-64.0361, 62.2044, -29.4552]
  Direction: 
1 0 0
0 -1 0
0 0 1

  IndexToPointMatrix: 
0.802469 0 0
0 -0.802469 0
0 0 0.8

  PointToIndexMatrix: 
1.24615 0 0
0 -1.24615 0
0 0 1.25

  Inverse Direction: 
1 0 0
0 -1 0
0 0 1

  PixelContainer: 
    ImportImageContainer (0x2dff240)
      RTTI typeinfo:   itk::ImportImageContainer<unsigned long, float>
      Reference Count: 1
      Modified Time: 1500
      Debug: Off
      Object Name: 
      Observers: 
        none
      Pointer: 0x2e01ad0
      Container manages memory: true
      Size: 4199040
      Capacity: 4199040

     Moving image = Image (0x2dfc710)
  RTTI typeinfo:   itk::Image<float, 3u>
  Reference Count: 2
  Modified Time: 1721
  Debug: Off
  Object Name: 
  Observers: 
    none
  Source: (none)
  Source output name: (none)
  Release Data: Off
  Data Released: False
  Global Release Data: Off
  PipelineMTime: 0
  UpdateMTime: 1718
  RealTimeStamp: 0 seconds 
  LargestPossibleRegion: 
    Dimension: 3
    Index: [0, 0, 0]
    Size: [320, 320, 240]
  BufferedRegion: 
    Dimension: 3
    Index: [0, 0, 0]
    Size: [320, 320, 240]
  RequestedRegion: 
    Dimension: 3
    Index: [0, 0, 0]
    Size: [320, 320, 240]
  Spacing: [0.65, 0.65, 0.65]
  Origin: [77.6828, -138.321, -102.731]
  Direction: 
-0 0 -1
1 -0 0
0 1 -0

  IndexToPointMatrix: 
0 0 -0.65
0.65 0 0
0 0.65 0

  PointToIndexMatrix: 
0 1.53846 0
0 0 1.53846
-1.53846 0 0

  Inverse Direction: 
0 1 0
0 0 1
-1 0 0

  PixelContainer: 
    ImportImageContainer (0x2dfca00)
      RTTI typeinfo:   itk::ImportImageContainer<unsigned long, float>
      Reference Count: 1
      Modified Time: 1715
      Debug: Off
      Object Name: 
      Observers: 
        none
      Pointer: 0x2aaab7d53010
      Container manages memory: true
      Size: 24576000
      Capacity: 24576000

     Weighting = 0.7
     Sampling strategy = regular
     Number of bins = 32
     Radius = 4
     Sampling percentage  = 0.1
   Transform = Affine
     Gradient step = 0.1
     Update field sigma (voxel space) = 0
     Total field sigma (voxel space) = 0
     Update field time sigma = 0
     Total field time sigma  = 0
     Number of time indices = 0
     Number of time point samples = 0
Stage 3 State
   Image metric = CC
     Fixed image = Image (0x2e00a40)
  RTTI typeinfo:   itk::Image<float, 3u>
  Reference Count: 2
  Modified Time: 2152
  Debug: Off
  Object Name: 
  Observers: 
    none
  Source: (none)
  Source output name: (none)
  Release Data: Off
  Data Released: False
  Global Release Data: Off
  PipelineMTime: 0
  UpdateMTime: 1935
  RealTimeStamp: 0 seconds 
  LargestPossibleRegion: 
    Dimension: 3
    Index: [0, 0, 0]
    Size: [162, 216, 120]
  BufferedRegion: 
    Dimension: 3
    Index: [0, 0, 0]
    Size: [162, 216, 120]
  RequestedRegion: 
    Dimension: 3
    Index: [0, 0, 0]
    Size: [162, 216, 120]
  Spacing: [0.802469, 0.802469, 0.8]
  Origin: [-64.0361, 62.2044, -29.4552]
  Direction: 
1 0 0
0 -1 0
0 0 1

  IndexToPointMatrix: 
0.802469 0 0
0 -0.802469 0
0 0 0.8

  PointToIndexMatrix: 
1.24615 0 0
0 -1.24615 0
0 0 1.25

  Inverse Direction: 
1 0 0
0 -1 0
0 0 1

  PixelContainer: 
    ImportImageContainer (0x2e00d30)
      RTTI typeinfo:   itk::ImportImageContainer<unsigned long, float>
      Reference Count: 1
      Modified Time: 1932
      Debug: Off
      Object Name: 
      Observers: 
        none
      Pointer: 0x3e0a8c0
      Container manages memory: true
      Size: 4199040
      Capacity: 4199040

     Moving image = Image (0x2df50b0)
  RTTI typeinfo:   itk::Image<float, 3u>
  Reference Count: 2
  Modified Time: 2153
  Debug: Off
  Object Name: 
  Observers: 
    none
  Source: (none)
  Source output name: (none)
  Release Data: Off
  Data Released: False
  Global Release Data: Off
  PipelineMTime: 0
  UpdateMTime: 2150
  RealTimeStamp: 0 seconds 
  LargestPossibleRegion: 
    Dimension: 3
    Index: [0, 0, 0]
    Size: [320, 320, 240]
  BufferedRegion: 
    Dimension: 3
    Index: [0, 0, 0]
    Size: [320, 320, 240]
  RequestedRegion: 
    Dimension: 3
    Index: [0, 0, 0]
    Size: [320, 320, 240]
  Spacing: [0.65, 0.65, 0.65]
  Origin: [77.6828, -138.321, -102.731]
  Direction: 
-0 0 -1
1 -0 0
0 1 -0

  IndexToPointMatrix: 
0 0 -0.65
0.65 0 0
0 0.65 0

  PointToIndexMatrix: 
0 1.53846 0
0 0 1.53846
-1.53846 0 0

  Inverse Direction: 
0 1 0
0 0 1
-1 0 0

  PixelContainer: 
    ImportImageContainer (0x2df5bc0)
      RTTI typeinfo:   itk::ImportImageContainer<unsigned long, float>
      Reference Count: 1
      Modified Time: 2147
      Debug: Off
      Object Name: 
      Observers: 
        none
      Pointer: 0x2aaabdb14010
      Container manages memory: true
      Size: 24576000
      Capacity: 24576000

     Weighting = 1
     Sampling strategy = none
     Number of bins = 32
     Radius = 2
     Sampling percentage  = 1
   Transform = SyN
     Gradient step = 0.1
     Update field sigma (voxel space) = 2
     Total field sigma (voxel space) = 0
     Update field time sigma = 0
     Total field time sigma  = 0
     Number of time indices = 0
     Number of time point samples = 0
Registration using 3 total stages.

Stage 0
  iterations = 1000x500
  convergence threshold = 1e-06
  convergence window size = 10
  number of levels = 2
  using the CC metric (radius = 32, weight = 0.7)
  preprocessing:  winsorizing the image intensities
  Shrink factors (level 1 out of 2): [2, 2, 2]
  Shrink factors (level 2 out of 2): [1, 1, 1]
  smoothing sigmas per level: [1, 0]
  regular sampling (percentage = 0.1)

*** Running Euler3DTransform registration ***

DIAGNOSTIC,Iteration,metricValue,convergenceValue,ITERATION_TIME_INDEX,SINCE_LAST
 2DIAGNOSTIC,     1, -6.292936950922e-02, inf, 1.0655e+03, 1.0655e+03, 
 2DIAGNOSTIC,     2, -6.292936950922e-02, inf, 2.1284e+03, 1.0629e+03, 
 2DIAGNOSTIC,     3, -6.292936950922e-02, inf, 3.1843e+03, 1.0559e+03, 
 2DIAGNOSTIC,     4, -6.292936950922e-02, inf, 4.2450e+03, 1.0607e+03, 
 2DIAGNOSTIC,     5, -6.292936950922e-02, inf, 5.3118e+03, 1.0667e+03, 
 2DIAGNOSTIC,     6, -6.292936205864e-02, inf, 6.3823e+03, 1.0705e+03, 
 2DIAGNOSTIC,     7, -6.292936205864e-02, inf, 7.4414e+03, 1.0590e+03, 
 2DIAGNOSTIC,     8, -6.292936205864e-02, inf, 8.4925e+03, 1.0511e+03, 
 2DIAGNOSTIC,     9, -6.292935460806e-02, inf, 9.5612e+03, 1.0688e+03, 
 2DIAGNOSTIC,    10, -6.292935460806e-02, 3.163894007230e-06, 1.0615e+04, 1.0540e+03, 
 2DIAGNOSTIC,    11, -6.292935460806e-02, 2.874624442484e-06, 1.1675e+04, 1.0594e+03, 
 2DIAGNOSTIC,    12, -6.292935460806e-02, 2.635072405610e-06, 1.2733e+04, 1.0588e+03, 
 2DIAGNOSTIC,    13, -6.292935460806e-02, 2.433764393572e-06, 1.3778e+04, 1.0441e+03, 
 2DIAGNOSTIC,    14, -6.292936205864e-02, 2.264824388476e-06, 1.4830e+04, 1.0527e+03, 
 2DIAGNOSTIC,    15, -6.292936205864e-02, 2.119085820596e-06, 1.5900e+04, 1.0701e+03, 
 2DIAGNOSTIC,    16, -6.292936205864e-02, 1.989596967178e-06, 1.6952e+04, 1.0516e+03, 
 2DIAGNOSTIC,    17, -6.292935460806e-02, 1.873235419225e-06, 1.8004e+04, 1.0520e+03, 
 2DIAGNOSTIC,    18, -6.292935460806e-02, 1.769712298483e-06, 1.9048e+04, 1.0437e+03, 
 2DIAGNOSTIC,    19, -6.292935460806e-02, 1.675032876847e-06, 2.0099e+04, 1.0511e+03, 
 2DIAGNOSTIC,    20, -6.292934715748e-02, 1.588028567312e-06, 2.1157e+04, 1.0581e+03, 
 2DIAGNOSTIC,    21, -6.292934715748e-02, 1.509618073214e-06, 2.2215e+04, 1.0585e+03, 
 2DIAGNOSTIC,    22, -6.292934715748e-02, 1.438841650270e-06, 2.3258e+04, 1.0425e+03, 
 2DIAGNOSTIC,    23, -6.292934715748e-02, 1.374820271849e-06, 2.4321e+04, 1.0629e+03, 
 2DIAGNOSTIC,    24, -6.292934715748e-02, 1.318289037044e-06, 2.5362e+04, 1.0414e+03, 
 2DIAGNOSTIC,    25, -6.292934715748e-02, 1.266955678147e-06, 2.6419e+04, 1.0571e+03, 
 2DIAGNOSTIC,    26, -6.292934715748e-02, 1.220124772772e-06, 2.7484e+04, 1.0648e+03, 
 2DIAGNOSTIC,    27, -6.292934715748e-02, 1.175810211862e-06, 2.8538e+04, 1.0542e+03, 
 2DIAGNOSTIC,    28, -6.292935460806e-02, 1.136068476626e-06, 2.9583e+04, 1.0451e+03, 
 2DIAGNOSTIC,    29, -6.292935460806e-02, 1.099067617361e-06, 3.0637e+04, 1.0534e+03, 
 2DIAGNOSTIC,    30, -6.292935460806e-02, 1.063219770003e-06, 3.1691e+04, 1.0541e+03, 
 2DIAGNOSTIC,    31, -6.292935460806e-02, 1.029428972288e-06, 3.2748e+04, 1.0569e+03, 
DIAGNOSTIC,Iteration,metricValue,convergenceValue,ITERATION_TIME_INDEX,SINCE_LAST
 2DIAGNOSTIC,     1, -2.661369368434e-02, inf, 4.2238e+04, 9.4907e+03, 
 2DIAGNOSTIC,     2, -2.661369368434e-02, inf, 5.1847e+04, 9.6086e+03, 
 2DIAGNOSTIC,     3, -2.661369368434e-02, inf, 6.1293e+04, 9.4461e+03, 
 2DIAGNOSTIC,     4, -2.661369368434e-02, inf, 7.0787e+04, 9.4938e+03, 
 2DIAGNOSTIC,     5, -2.661369368434e-02, inf, 8.0440e+04, 9.6531e+03, 
 2DIAGNOSTIC,     6, -2.661369368434e-02, inf, 9.0157e+04, 9.7166e+03, 
 2DIAGNOSTIC,     7, -2.661368995905e-02, inf, 9.9854e+04, 9.6978e+03, 
 2DIAGNOSTIC,     8, -2.661368995905e-02, inf, 1.0949e+05, 9.6331e+03, 
 2DIAGNOSTIC,     9, -2.661369368434e-02, inf, 1.1904e+05, 9.5498e+03, 
 2DIAGNOSTIC,    10, -2.661368995905e-02, 3.172363449266e-06, 1.2852e+05, 9.4824e+03, 
