[-] Unloading Matlab  2021a  on cn1060 
[+] Loading Matlab  2021a  on cn1060 
[-] Unloading matlab-spm, version 12.7219...
[+] Loading matlab-spm, version 12.7219...
[-] Unloading gcc  7.3.0  ... 
[-] Unloading ANTs  2.3.2 
[+] Loading gcc  7.3.0  ... 
[+] Loading ANTs  2.3.2 
[-] Unloading AFNI current-openmp  ... 
[+] Loading AFNI current-openmp  ... 
AFNI/current-openmp last updated  2021-09-28

[-] Unloading freesurfer  7.1.1 on cn1060 
[+] Loading freesurfer  7.1.1  on cn1060 
[-] Unloading FSL 6.0.4  ... 
[+] Loading FSL 6.0.4  ... 
[-] Unloading python 3.7  ... 
[+] Loading python 3.7  ... 
                        
EPI set using: /data/kleinrl/ds003216/derivatives/sub-01/VASO_func/sub-01_ses-04_task-movie_run-05_VASO.nii
                                                         
----------------------------------
YOU NEED TO SUPPLY: 
               spm_path - location of spm files ('matlab_toolbox')
               ds_dir - location of data ('ds003216-download')
               EPI_base - currently working with 
                         'sub-01_ses-06_task-movie_run-05_VASO' 
                         main_anat.sh for processing MP2RAGE, then loop 
                         main_EPI.sh for each EPI
----------------------------------
project_dir: /home/kleinrl/projects/laminar_fmri
spm_path:    
tools_dir:   /home/kleinrl/projects/laminar_fmri/tools
cmds_dir:    /home/kleinrl/projects/laminar_fmri/cmds
EPI:         /data/kleinrl/ds003216/derivatives/sub-01/VASO_func/sub-01_ses-04_task-movie_run-05_VASO.nii
EPI_base     sub-01_ses-04_task-movie_run-05_VASO
----------------------------------
                                                                                
                                                                                
RUNNING: run_ANTS this will calculate the xfm from ANAT to EPI_mean and
and apply the xfm producing warped_MP2RAGE.nii
'warp_ANTS_resampleNN.sh <input_nii> <master_file>' will 
apply this xfm using nearestneighbor so only use with parcs
/data/kleinrl/ds003216/derivatives/sub-01/VASO_func/sub-01_ses-04_task-movie_run-05_VASO_working_bias/muncorr.nii
/data/kleinrl/ds003216/sub-01/ses-01/anat/sub-01_ses-01_run-01_T1w.bias.nii
EPI_mean:             /data/kleinrl/ds003216/derivatives/sub-01/VASO_func/sub-01_ses-04_task-movie_run-05_VASO_working_bias/muncorr.nii
ANAT:                 /data/kleinrl/ds003216/sub-01/ses-01/anat/sub-01_ses-01_run-01_T1w.bias.nii
dir_name:             /data/kleinrl/ds003216/derivatives/sub-01/VASO_func/sub-01_ses-04_task-movie_run-05_VASO_working_bias
base_name:            muncorr.nii
working dir:          /data/kleinrl/ds003216/derivatives/sub-01/VASO_func/sub-01_ses-04_task-movie_run-05_VASO_working_ANTs
creating working dir
I expect 2 files. the T1_weighted EPI.nii and a MP2RAGE_orig.nii (renzo)
we are using the T1_weighted EPI_bias corrected and MP2RAGE bias corrected
++ 3dcalc: AFNI version=AFNI_21.2.09 (Sep 27 2021) [64-bit]
++ Authored by: A cast of thousands
++ Output dataset ./MP2RAGE.nii
*****************************************
************* starting with ANTS ********
*****************************************
All_Command_lines_OK
Using single precision for computations.
=============================================================================
The composite transform comprises the following transforms (in order): 
  1. initial_matrix.txt (type = MatrixOffsetTransformBase)
=============================================================================
  number of levels = 2
  number of levels = 2
  number of levels = 2
  fixed image: EPI.nii
  moving image: MP2RAGE.nii
  fixed image: EPI.nii
  moving image: MP2RAGE.nii
  fixed image: EPI.nii
  moving image: MP2RAGE.nii
Dimension = 3
Number of stages = 3
Use Histogram Matching false
Winsorize image intensities true
Lower quantile = 0.005
Upper quantile = 0.995
Stage 1 State
   Image metric = CC
     Fixed image = Image (0x2dec420)
  RTTI typeinfo:   itk::Image<float, 3u>
  Reference Count: 2
  Modified Time: 1288
  Debug: Off
  Object Name: 
  Observers: 
    none
  Source: (none)
  Source output name: (none)
  Release Data: Off
  Data Released: False
  Global Release Data: Off
  PipelineMTime: 0
  UpdateMTime: 1071
  RealTimeStamp: 0 seconds 
  LargestPossibleRegion: 
    Dimension: 3
    Index: [0, 0, 0]
    Size: [162, 216, 120]
  BufferedRegion: 
    Dimension: 3
    Index: [0, 0, 0]
    Size: [162, 216, 120]
  RequestedRegion: 
    Dimension: 3
    Index: [0, 0, 0]
    Size: [162, 216, 120]
  Spacing: [0.802469, 0.802469, 0.8]
  Origin: [-64.0361, 62.2044, -29.4552]
  Direction: 
1 0 0
0 -1 0
0 0 1

  IndexToPointMatrix: 
0.802469 0 0
0 -0.802469 0
0 0 0.8

  PointToIndexMatrix: 
1.24615 0 0
0 -1.24615 0
0 0 1.25

  Inverse Direction: 
1 0 0
0 -1 0
0 0 1

  PixelContainer: 
    ImportImageContainer (0x2dec6e0)
      RTTI typeinfo:   itk::ImportImageContainer<unsigned long, float>
      Reference Count: 1
      Modified Time: 1068
      Debug: Off
      Object Name: 
      Observers: 
        none
      Pointer: 0x2aaab0f8d010
      Container manages memory: true
      Size: 4199040
      Capacity: 4199040

     Moving image = Image (0x2dfb730)
  RTTI typeinfo:   itk::Image<float, 3u>
  Reference Count: 2
  Modified Time: 1289
  Debug: Off
  Object Name: 
  Observers: 
    none
  Source: (none)
  Source output name: (none)
  Release Data: Off
  Data Released: False
  Global Release Data: Off
  PipelineMTime: 0
  UpdateMTime: 1286
  RealTimeStamp: 0 seconds 
  LargestPossibleRegion: 
    Dimension: 3
    Index: [0, 0, 0]
    Size: [320, 320, 240]
  BufferedRegion: 
    Dimension: 3
    Index: [0, 0, 0]
    Size: [320, 320, 240]
  RequestedRegion: 
    Dimension: 3
    Index: [0, 0, 0]
    Size: [320, 320, 240]
  Spacing: [0.65, 0.65, 0.65]
  Origin: [77.6828, -138.321, -102.731]
  Direction: 
-0 0 -1
1 -0 0
0 1 -0

  IndexToPointMatrix: 
0 0 -0.65
0.65 0 0
0 0.65 0

  PointToIndexMatrix: 
0 1.53846 0
0 0 1.53846
-1.53846 0 0

  Inverse Direction: 
0 1 0
0 0 1
-1 0 0

  PixelContainer: 
    ImportImageContainer (0x2ddff90)
      RTTI typeinfo:   itk::ImportImageContainer<unsigned long, float>
      Reference Count: 1
      Modified Time: 1283
      Debug: Off
      Object Name: 
      Observers: 
        none
      Pointer: 0x2aaab1f92010
      Container manages memory: true
      Size: 24576000
      Capacity: 24576000

     Weighting = 0.7
     Sampling strategy = regular
     Number of bins = 32
     Radius = 32
     Sampling percentage  = 0.1
   Transform = Rigid
     Gradient step = 0.05
     Update field sigma (voxel space) = 0
     Total field sigma (voxel space) = 0
     Update field time sigma = 0
     Total field time sigma  = 0
     Number of time indices = 0
     Number of time point samples = 0
Stage 2 State
   Image metric = Mattes
     Fixed image = Image (0x2dfef50)
  RTTI typeinfo:   itk::Image<float, 3u>
  Reference Count: 2
  Modified Time: 1720
  Debug: Off
  Object Name: 
  Observers: 
    none
  Source: (none)
  Source output name: (none)
  Release Data: Off
  Data Released: False
  Global Release Data: Off
  PipelineMTime: 0
  UpdateMTime: 1503
  RealTimeStamp: 0 seconds 
  LargestPossibleRegion: 
    Dimension: 3
    Index: [0, 0, 0]
    Size: [162, 216, 120]
  BufferedRegion: 
    Dimension: 3
    Index: [0, 0, 0]
    Size: [162, 216, 120]
  RequestedRegion: 
    Dimension: 3
    Index: [0, 0, 0]
    Size: [162, 216, 120]
  Spacing: [0.802469, 0.802469, 0.8]
  Origin: [-64.0361, 62.2044, -29.4552]
  Direction: 
1 0 0
0 -1 0
0 0 1

  IndexToPointMatrix: 
0.802469 0 0
0 -0.802469 0
0 0 0.8

  PointToIndexMatrix: 
1.24615 0 0
0 -1.24615 0
0 0 1.25

  Inverse Direction: 
1 0 0
0 -1 0
0 0 1

  PixelContainer: 
    ImportImageContainer (0x2dff240)
      RTTI typeinfo:   itk::ImportImageContainer<unsigned long, float>
      Reference Count: 1
      Modified Time: 1500
      Debug: Off
      Object Name: 
      Observers: 
        none
      Pointer: 0x2e01ad0
      Container manages memory: true
      Size: 4199040
      Capacity: 4199040

     Moving image = Image (0x2dfc710)
  RTTI typeinfo:   itk::Image<float, 3u>
  Reference Count: 2
  Modified Time: 1721
  Debug: Off
  Object Name: 
  Observers: 
    none
  Source: (none)
  Source output name: (none)
  Release Data: Off
  Data Released: False
  Global Release Data: Off
  PipelineMTime: 0
  UpdateMTime: 1718
  RealTimeStamp: 0 seconds 
  LargestPossibleRegion: 
    Dimension: 3
    Index: [0, 0, 0]
    Size: [320, 320, 240]
  BufferedRegion: 
    Dimension: 3
    Index: [0, 0, 0]
    Size: [320, 320, 240]
  RequestedRegion: 
    Dimension: 3
    Index: [0, 0, 0]
    Size: [320, 320, 240]
  Spacing: [0.65, 0.65, 0.65]
  Origin: [77.6828, -138.321, -102.731]
  Direction: 
-0 0 -1
1 -0 0
0 1 -0

  IndexToPointMatrix: 
0 0 -0.65
0.65 0 0
0 0.65 0

  PointToIndexMatrix: 
0 1.53846 0
0 0 1.53846
-1.53846 0 0

  Inverse Direction: 
0 1 0
0 0 1
-1 0 0

  PixelContainer: 
    ImportImageContainer (0x2dfca00)
      RTTI typeinfo:   itk::ImportImageContainer<unsigned long, float>
      Reference Count: 1
      Modified Time: 1715
      Debug: Off
      Object Name: 
      Observers: 
        none
      Pointer: 0x2aaab7d53010
      Container manages memory: true
      Size: 24576000
      Capacity: 24576000

     Weighting = 0.7
     Sampling strategy = regular
     Number of bins = 32
     Radius = 4
     Sampling percentage  = 0.1
   Transform = Affine
     Gradient step = 0.1
     Update field sigma (voxel space) = 0
     Total field sigma (voxel space) = 0
     Update field time sigma = 0
     Total field time sigma  = 0
     Number of time indices = 0
     Number of time point samples = 0
Stage 3 State
   Image metric = CC
     Fixed image = Image (0x2e00a40)
  RTTI typeinfo:   itk::Image<float, 3u>
  Reference Count: 2
  Modified Time: 2152
  Debug: Off
  Object Name: 
  Observers: 
    none
  Source: (none)
  Source output name: (none)
  Release Data: Off
  Data Released: False
  Global Release Data: Off
  PipelineMTime: 0
  UpdateMTime: 1935
  RealTimeStamp: 0 seconds 
  LargestPossibleRegion: 
    Dimension: 3
    Index: [0, 0, 0]
    Size: [162, 216, 120]
  BufferedRegion: 
    Dimension: 3
    Index: [0, 0, 0]
    Size: [162, 216, 120]
  RequestedRegion: 
    Dimension: 3
    Index: [0, 0, 0]
    Size: [162, 216, 120]
  Spacing: [0.802469, 0.802469, 0.8]
  Origin: [-64.0361, 62.2044, -29.4552]
  Direction: 
1 0 0
0 -1 0
0 0 1

  IndexToPointMatrix: 
0.802469 0 0
0 -0.802469 0
0 0 0.8

  PointToIndexMatrix: 
1.24615 0 0
0 -1.24615 0
0 0 1.25

  Inverse Direction: 
1 0 0
0 -1 0
0 0 1

  PixelContainer: 
    ImportImageContainer (0x2e00d30)
      RTTI typeinfo:   itk::ImportImageContainer<unsigned long, float>
      Reference Count: 1
      Modified Time: 1932
      Debug: Off
      Object Name: 
      Observers: 
        none
      Pointer: 0x3e0a8c0
      Container manages memory: true
      Size: 4199040
      Capacity: 4199040

     Moving image = Image (0x2df50b0)
  RTTI typeinfo:   itk::Image<float, 3u>
  Reference Count: 2
  Modified Time: 2153
  Debug: Off
  Object Name: 
  Observers: 
    none
  Source: (none)
  Source output name: (none)
  Release Data: Off
  Data Released: False
  Global Release Data: Off
  PipelineMTime: 0
  UpdateMTime: 2150
  RealTimeStamp: 0 seconds 
  LargestPossibleRegion: 
    Dimension: 3
    Index: [0, 0, 0]
    Size: [320, 320, 240]
  BufferedRegion: 
    Dimension: 3
    Index: [0, 0, 0]
    Size: [320, 320, 240]
  RequestedRegion: 
    Dimension: 3
    Index: [0, 0, 0]
    Size: [320, 320, 240]
  Spacing: [0.65, 0.65, 0.65]
  Origin: [77.6828, -138.321, -102.731]
  Direction: 
-0 0 -1
1 -0 0
0 1 -0

  IndexToPointMatrix: 
0 0 -0.65
0.65 0 0
0 0.65 0

  PointToIndexMatrix: 
0 1.53846 0
0 0 1.53846
-1.53846 0 0

  Inverse Direction: 
0 1 0
0 0 1
-1 0 0

  PixelContainer: 
    ImportImageContainer (0x2df5bc0)
      RTTI typeinfo:   itk::ImportImageContainer<unsigned long, float>
      Reference Count: 1
      Modified Time: 2147
      Debug: Off
      Object Name: 
      Observers: 
        none
      Pointer: 0x2aaabdb14010
      Container manages memory: true
      Size: 24576000
      Capacity: 24576000

     Weighting = 1
     Sampling strategy = none
     Number of bins = 32
     Radius = 2
     Sampling percentage  = 1
   Transform = SyN
     Gradient step = 0.1
     Update field sigma (voxel space) = 2
     Total field sigma (voxel space) = 0
     Update field time sigma = 0
     Total field time sigma  = 0
     Number of time indices = 0
     Number of time point samples = 0
Registration using 3 total stages.

Stage 0
  iterations = 1000x500
  convergence threshold = 1e-06
  convergence window size = 10
  number of levels = 2
  using the CC metric (radius = 32, weight = 0.7)
  preprocessing:  winsorizing the image intensities
  Shrink factors (level 1 out of 2): [2, 2, 2]
  Shrink factors (level 2 out of 2): [1, 1, 1]
  smoothing sigmas per level: [1, 0]
  regular sampling (percentage = 0.1)

*** Running Euler3DTransform registration ***

DIAGNOSTIC,Iteration,metricValue,convergenceValue,ITERATION_TIME_INDEX,SINCE_LAST
 2DIAGNOSTIC,     1, -5.107402801514e-02, inf, 8.1984e+02, 8.1984e+02, 
 2DIAGNOSTIC,     2, -5.107402801514e-02, inf, 1.6484e+03, 8.2852e+02, 
 2DIAGNOSTIC,     3, -5.107402801514e-02, inf, 2.4786e+03, 8.3021e+02, 
 2DIAGNOSTIC,     4, -5.107402801514e-02, inf, 3.3065e+03, 8.2790e+02, 
 2DIAGNOSTIC,     5, -5.107402801514e-02, inf, 4.1006e+03, 7.9416e+02, 
 2DIAGNOSTIC,     6, -5.107401683927e-02, inf, 4.8926e+03, 7.9195e+02, 
 2DIAGNOSTIC,     7, -5.107401683927e-02, inf, 5.6804e+03, 7.8783e+02, 
 2DIAGNOSTIC,     8, -5.107401311398e-02, inf, 6.4773e+03, 7.9692e+02, 
 2DIAGNOSTIC,     9, -5.107401311398e-02, inf, 7.2986e+03, 8.2123e+02, 
 2DIAGNOSTIC,    10, -5.107401683927e-02, 3.157776063745e-06, 8.0902e+03, 7.9169e+02, 
 2DIAGNOSTIC,    11, -5.107401683927e-02, 2.872406639653e-06, 8.8858e+03, 7.9550e+02, 
 2DIAGNOSTIC,    12, -5.107401683927e-02, 2.636385715959e-06, 9.6870e+03, 8.0129e+02, 
 2DIAGNOSTIC,    13, -5.107401683927e-02, 2.437954435663e-06, 1.0483e+04, 7.9618e+02, 
 2DIAGNOSTIC,    14, -5.107401311398e-02, 2.267150193802e-06, 1.1292e+04, 8.0884e+02, 
 2DIAGNOSTIC,    15, -5.107401311398e-02, 2.119687678714e-06, 1.2173e+04, 8.8121e+02, 
 2DIAGNOSTIC,    16, -5.107401311398e-02, 1.986824372580e-06, 1.3054e+04, 8.8121e+02, 
 2DIAGNOSTIC,    17, -5.107401683927e-02, 1.870965661510e-06, 1.3933e+04, 8.7900e+02, 
 2DIAGNOSTIC,    18, -5.107401683927e-02, 1.766832724570e-06, 1.4809e+04, 8.7549e+02, 
 2DIAGNOSTIC,    19, -5.107401683927e-02, 1.673697170190e-06, 1.5687e+04, 8.7829e+02, 
 2DIAGNOSTIC,    20, -5.107401683927e-02, 1.590979763932e-06, 1.6571e+04, 8.8372e+02, 
 2DIAGNOSTIC,    21, -5.107401683927e-02, 1.516075258223e-06, 1.7450e+04, 8.7894e+02, 
 2DIAGNOSTIC,    22, -5.107403174043e-02, 1.451599018765e-06, 1.8334e+04, 8.8408e+02, 
 2DIAGNOSTIC,    23, -5.107403174043e-02, 1.392116018906e-06, 1.9215e+04, 8.8084e+02, 
 2DIAGNOSTIC,    24, -5.107403174043e-02, 1.335931187896e-06, 2.0092e+04, 8.7703e+02, 
 2DIAGNOSTIC,    25, -5.107403174043e-02, 1.283317601519e-06, 2.0975e+04, 8.8336e+02, 
 2DIAGNOSTIC,    26, -5.107403174043e-02, 1.233689204128e-06, 2.1855e+04, 8.7990e+02, 
 2DIAGNOSTIC,    27, -5.107402428985e-02, 1.185953806271e-06, 2.2737e+04, 8.8187e+02, 
 2DIAGNOSTIC,    28, -5.107403174043e-02, 1.142403561971e-06, 2.3622e+04, 8.8510e+02, 
 2DIAGNOSTIC,    29, -5.107403174043e-02, 1.101246880353e-06, 2.4501e+04, 8.7905e+02, 
 2DIAGNOSTIC,    30, -5.107403174043e-02, 1.062449996425e-06, 2.5383e+04, 8.8227e+02, 
 2DIAGNOSTIC,    31, -5.107402428985e-02, 1.024568291541e-06, 2.6268e+04, 8.8497e+02, 
DIAGNOSTIC,Iteration,metricValue,convergenceValue,ITERATION_TIME_INDEX,SINCE_LAST
 2DIAGNOSTIC,     1, -2.099346183240e-02, inf, 3.4030e+04, 7.7611e+03, 
 2DIAGNOSTIC,     2, -2.099345996976e-02, inf, 4.1800e+04, 7.7701e+03, 
 2DIAGNOSTIC,     3, -2.099345996976e-02, inf, 4.9563e+04, 7.7635e+03, 
 2DIAGNOSTIC,     4, -2.099345996976e-02, inf, 5.7291e+04, 7.7284e+03, 
 2DIAGNOSTIC,     5, -2.099345996976e-02, inf, 6.5002e+04, 7.7106e+03, 
 2DIAGNOSTIC,     6, -2.099345996976e-02, inf, 7.2385e+04, 7.3825e+03, 
 2DIAGNOSTIC,     7, -2.099345810711e-02, inf, 7.9872e+04, 7.4873e+03, 
 2DIAGNOSTIC,     8, -2.099345810711e-02, inf, 8.7294e+04, 7.4224e+03, 
 2DIAGNOSTIC,     9, -2.099345810711e-02, inf, 9.4777e+04, 7.4825e+03, 
 2DIAGNOSTIC,    10, -2.099345810711e-02, 3.170798436258e-06, 1.0224e+05, 7.4625e+03, 
 2DIAGNOSTIC,    11, -2.099345810711e-02, 2.884457444452e-06, 1.0981e+05, 7.5719e+03, 
 2DIAGNOSTIC,    12, -2.099345810711e-02, 2.644433379828e-06, 1.1729e+05, 7.4817e+03, 
 2DIAGNOSTIC,    13, -2.099345810711e-02, 2.441920742058e-06, 1.2493e+05, 7.6380e+03, 
