[-] Unloading Matlab  2021a  on cn1013 
[+] Loading Matlab  2021a  on cn1013 
[-] Unloading matlab-spm, version 12.7219...
[+] Loading matlab-spm, version 12.7219...
[-] Unloading gcc  7.3.0  ... 
[-] Unloading ANTs  2.3.2 
[+] Loading gcc  7.3.0  ... 
[+] Loading ANTs  2.3.2 
[-] Unloading AFNI current-openmp  ... 
[+] Loading AFNI current-openmp  ... 
AFNI/current-openmp last updated  2021-09-28

[-] Unloading freesurfer  7.1.1 on cn1013 
[+] Loading freesurfer  7.1.1  on cn1013 
[-] Unloading FSL 6.0.4  ... 
[+] Loading FSL 6.0.4  ... 
[-] Unloading python 3.7  ... 
[+] Loading python 3.7  ... 
                        
EPI set using: /data/kleinrl/ds003216/derivatives/sub-01/VASO_func/sub-01_ses-04_task-movie_run-02_VASO.nii
                                                         
----------------------------------
YOU NEED TO SUPPLY: 
               spm_path - location of spm files ('matlab_toolbox')
               ds_dir - location of data ('ds003216-download')
               EPI_base - currently working with 
                         'sub-01_ses-06_task-movie_run-05_VASO' 
                         main_anat.sh for processing MP2RAGE, then loop 
                         main_EPI.sh for each EPI
----------------------------------
project_dir: /home/kleinrl/projects/laminar_fmri
spm_path:    
tools_dir:   /home/kleinrl/projects/laminar_fmri/tools
cmds_dir:    /home/kleinrl/projects/laminar_fmri/cmds
EPI:         /data/kleinrl/ds003216/derivatives/sub-01/VASO_func/sub-01_ses-04_task-movie_run-02_VASO.nii
EPI_base     sub-01_ses-04_task-movie_run-02_VASO
----------------------------------
                                                                                
                                                                                
RUNNING: run_ANTS this will calculate the xfm from ANAT to EPI_mean and
and apply the xfm producing warped_MP2RAGE.nii
'warp_ANTS_resampleNN.sh <input_nii> <master_file>' will 
apply this xfm using nearestneighbor so only use with parcs
/data/kleinrl/ds003216/derivatives/sub-01/VASO_func/sub-01_ses-04_task-movie_run-02_VASO_working_bias/muncorr.nii
/data/kleinrl/ds003216/sub-01/ses-01/anat/sub-01_ses-01_run-01_T1w.bias.nii
EPI_mean:             /data/kleinrl/ds003216/derivatives/sub-01/VASO_func/sub-01_ses-04_task-movie_run-02_VASO_working_bias/muncorr.nii
ANAT:                 /data/kleinrl/ds003216/sub-01/ses-01/anat/sub-01_ses-01_run-01_T1w.bias.nii
dir_name:             /data/kleinrl/ds003216/derivatives/sub-01/VASO_func/sub-01_ses-04_task-movie_run-02_VASO_working_bias
base_name:            muncorr.nii
working dir:          /data/kleinrl/ds003216/derivatives/sub-01/VASO_func/sub-01_ses-04_task-movie_run-02_VASO_working_ANTs
creating working dir
I expect 2 files. the T1_weighted EPI.nii and a MP2RAGE_orig.nii (renzo)
we are using the T1_weighted EPI_bias corrected and MP2RAGE bias corrected
++ 3dcalc: AFNI version=AFNI_21.2.09 (Sep 27 2021) [64-bit]
++ Authored by: A cast of thousands
++ Output dataset ./MP2RAGE.nii
*****************************************
************* starting with ANTS ********
*****************************************
All_Command_lines_OK
Using single precision for computations.
=============================================================================
The composite transform comprises the following transforms (in order): 
  1. initial_matrix.txt (type = MatrixOffsetTransformBase)
=============================================================================
  number of levels = 2
  number of levels = 2
  number of levels = 2
  fixed image: EPI.nii
  moving image: MP2RAGE.nii
  fixed image: EPI.nii
  moving image: MP2RAGE.nii
  fixed image: EPI.nii
  moving image: MP2RAGE.nii
Dimension = 3
Number of stages = 3
Use Histogram Matching false
Winsorize image intensities true
Lower quantile = 0.005
Upper quantile = 0.995
Stage 1 State
   Image metric = CC
     Fixed image = Image (0x2dec420)
  RTTI typeinfo:   itk::Image<float, 3u>
  Reference Count: 2
  Modified Time: 1288
  Debug: Off
  Object Name: 
  Observers: 
    none
  Source: (none)
  Source output name: (none)
  Release Data: Off
  Data Released: False
  Global Release Data: Off
  PipelineMTime: 0
  UpdateMTime: 1071
  RealTimeStamp: 0 seconds 
  LargestPossibleRegion: 
    Dimension: 3
    Index: [0, 0, 0]
    Size: [162, 216, 120]
  BufferedRegion: 
    Dimension: 3
    Index: [0, 0, 0]
    Size: [162, 216, 120]
  RequestedRegion: 
    Dimension: 3
    Index: [0, 0, 0]
    Size: [162, 216, 120]
  Spacing: [0.802469, 0.802469, 0.8]
  Origin: [-64.0361, 62.2044, -29.4552]
  Direction: 
1 0 0
0 -1 0
0 0 1

  IndexToPointMatrix: 
0.802469 0 0
0 -0.802469 0
0 0 0.8

  PointToIndexMatrix: 
1.24615 0 0
0 -1.24615 0
0 0 1.25

  Inverse Direction: 
1 0 0
0 -1 0
0 0 1

  PixelContainer: 
    ImportImageContainer (0x2dec6e0)
      RTTI typeinfo:   itk::ImportImageContainer<unsigned long, float>
      Reference Count: 1
      Modified Time: 1068
      Debug: Off
      Object Name: 
      Observers: 
        none
      Pointer: 0x2aaab0f8d010
      Container manages memory: true
      Size: 4199040
      Capacity: 4199040

     Moving image = Image (0x2dfb730)
  RTTI typeinfo:   itk::Image<float, 3u>
  Reference Count: 2
  Modified Time: 1289
  Debug: Off
  Object Name: 
  Observers: 
    none
  Source: (none)
  Source output name: (none)
  Release Data: Off
  Data Released: False
  Global Release Data: Off
  PipelineMTime: 0
  UpdateMTime: 1286
  RealTimeStamp: 0 seconds 
  LargestPossibleRegion: 
    Dimension: 3
    Index: [0, 0, 0]
    Size: [320, 320, 240]
  BufferedRegion: 
    Dimension: 3
    Index: [0, 0, 0]
    Size: [320, 320, 240]
  RequestedRegion: 
    Dimension: 3
    Index: [0, 0, 0]
    Size: [320, 320, 240]
  Spacing: [0.65, 0.65, 0.65]
  Origin: [77.6828, -138.321, -102.731]
  Direction: 
-0 0 -1
1 -0 0
0 1 -0

  IndexToPointMatrix: 
0 0 -0.65
0.65 0 0
0 0.65 0

  PointToIndexMatrix: 
0 1.53846 0
0 0 1.53846
-1.53846 0 0

  Inverse Direction: 
0 1 0
0 0 1
-1 0 0

  PixelContainer: 
    ImportImageContainer (0x2ddff90)
      RTTI typeinfo:   itk::ImportImageContainer<unsigned long, float>
      Reference Count: 1
      Modified Time: 1283
      Debug: Off
      Object Name: 
      Observers: 
        none
      Pointer: 0x2aaab1f92010
      Container manages memory: true
      Size: 24576000
      Capacity: 24576000

     Weighting = 0.7
     Sampling strategy = regular
     Number of bins = 32
     Radius = 32
     Sampling percentage  = 0.1
   Transform = Rigid
     Gradient step = 0.05
     Update field sigma (voxel space) = 0
     Total field sigma (voxel space) = 0
     Update field time sigma = 0
     Total field time sigma  = 0
     Number of time indices = 0
     Number of time point samples = 0
Stage 2 State
   Image metric = Mattes
     Fixed image = Image (0x2dfef50)
  RTTI typeinfo:   itk::Image<float, 3u>
  Reference Count: 2
  Modified Time: 1720
  Debug: Off
  Object Name: 
  Observers: 
    none
  Source: (none)
  Source output name: (none)
  Release Data: Off
  Data Released: False
  Global Release Data: Off
  PipelineMTime: 0
  UpdateMTime: 1503
  RealTimeStamp: 0 seconds 
  LargestPossibleRegion: 
    Dimension: 3
    Index: [0, 0, 0]
    Size: [162, 216, 120]
  BufferedRegion: 
    Dimension: 3
    Index: [0, 0, 0]
    Size: [162, 216, 120]
  RequestedRegion: 
    Dimension: 3
    Index: [0, 0, 0]
    Size: [162, 216, 120]
  Spacing: [0.802469, 0.802469, 0.8]
  Origin: [-64.0361, 62.2044, -29.4552]
  Direction: 
1 0 0
0 -1 0
0 0 1

  IndexToPointMatrix: 
0.802469 0 0
0 -0.802469 0
0 0 0.8

  PointToIndexMatrix: 
1.24615 0 0
0 -1.24615 0
0 0 1.25

  Inverse Direction: 
1 0 0
0 -1 0
0 0 1

  PixelContainer: 
    ImportImageContainer (0x2dff240)
      RTTI typeinfo:   itk::ImportImageContainer<unsigned long, float>
      Reference Count: 1
      Modified Time: 1500
      Debug: Off
      Object Name: 
      Observers: 
        none
      Pointer: 0x2e01ad0
      Container manages memory: true
      Size: 4199040
      Capacity: 4199040

     Moving image = Image (0x2dfc710)
  RTTI typeinfo:   itk::Image<float, 3u>
  Reference Count: 2
  Modified Time: 1721
  Debug: Off
  Object Name: 
  Observers: 
    none
  Source: (none)
  Source output name: (none)
  Release Data: Off
  Data Released: False
  Global Release Data: Off
  PipelineMTime: 0
  UpdateMTime: 1718
  RealTimeStamp: 0 seconds 
  LargestPossibleRegion: 
    Dimension: 3
    Index: [0, 0, 0]
    Size: [320, 320, 240]
  BufferedRegion: 
    Dimension: 3
    Index: [0, 0, 0]
    Size: [320, 320, 240]
  RequestedRegion: 
    Dimension: 3
    Index: [0, 0, 0]
    Size: [320, 320, 240]
  Spacing: [0.65, 0.65, 0.65]
  Origin: [77.6828, -138.321, -102.731]
  Direction: 
-0 0 -1
1 -0 0
0 1 -0

  IndexToPointMatrix: 
0 0 -0.65
0.65 0 0
0 0.65 0

  PointToIndexMatrix: 
0 1.53846 0
0 0 1.53846
-1.53846 0 0

  Inverse Direction: 
0 1 0
0 0 1
-1 0 0

  PixelContainer: 
    ImportImageContainer (0x2dfca00)
      RTTI typeinfo:   itk::ImportImageContainer<unsigned long, float>
      Reference Count: 1
      Modified Time: 1715
      Debug: Off
      Object Name: 
      Observers: 
        none
      Pointer: 0x2aaab7d53010
      Container manages memory: true
      Size: 24576000
      Capacity: 24576000

     Weighting = 0.7
     Sampling strategy = regular
     Number of bins = 32
     Radius = 4
     Sampling percentage  = 0.1
   Transform = Affine
     Gradient step = 0.1
     Update field sigma (voxel space) = 0
     Total field sigma (voxel space) = 0
     Update field time sigma = 0
     Total field time sigma  = 0
     Number of time indices = 0
     Number of time point samples = 0
Stage 3 State
   Image metric = CC
     Fixed image = Image (0x2e00a40)
  RTTI typeinfo:   itk::Image<float, 3u>
  Reference Count: 2
  Modified Time: 2152
  Debug: Off
  Object Name: 
  Observers: 
    none
  Source: (none)
  Source output name: (none)
  Release Data: Off
  Data Released: False
  Global Release Data: Off
  PipelineMTime: 0
  UpdateMTime: 1935
  RealTimeStamp: 0 seconds 
  LargestPossibleRegion: 
    Dimension: 3
    Index: [0, 0, 0]
    Size: [162, 216, 120]
  BufferedRegion: 
    Dimension: 3
    Index: [0, 0, 0]
    Size: [162, 216, 120]
  RequestedRegion: 
    Dimension: 3
    Index: [0, 0, 0]
    Size: [162, 216, 120]
  Spacing: [0.802469, 0.802469, 0.8]
  Origin: [-64.0361, 62.2044, -29.4552]
  Direction: 
1 0 0
0 -1 0
0 0 1

  IndexToPointMatrix: 
0.802469 0 0
0 -0.802469 0
0 0 0.8

  PointToIndexMatrix: 
1.24615 0 0
0 -1.24615 0
0 0 1.25

  Inverse Direction: 
1 0 0
0 -1 0
0 0 1

  PixelContainer: 
    ImportImageContainer (0x2e00d30)
      RTTI typeinfo:   itk::ImportImageContainer<unsigned long, float>
      Reference Count: 1
      Modified Time: 1932
      Debug: Off
      Object Name: 
      Observers: 
        none
      Pointer: 0x3e0a8c0
      Container manages memory: true
      Size: 4199040
      Capacity: 4199040

     Moving image = Image (0x2df50b0)
  RTTI typeinfo:   itk::Image<float, 3u>
  Reference Count: 2
  Modified Time: 2153
  Debug: Off
  Object Name: 
  Observers: 
    none
  Source: (none)
  Source output name: (none)
  Release Data: Off
  Data Released: False
  Global Release Data: Off
  PipelineMTime: 0
  UpdateMTime: 2150
  RealTimeStamp: 0 seconds 
  LargestPossibleRegion: 
    Dimension: 3
    Index: [0, 0, 0]
    Size: [320, 320, 240]
  BufferedRegion: 
    Dimension: 3
    Index: [0, 0, 0]
    Size: [320, 320, 240]
  RequestedRegion: 
    Dimension: 3
    Index: [0, 0, 0]
    Size: [320, 320, 240]
  Spacing: [0.65, 0.65, 0.65]
  Origin: [77.6828, -138.321, -102.731]
  Direction: 
-0 0 -1
1 -0 0
0 1 -0

  IndexToPointMatrix: 
0 0 -0.65
0.65 0 0
0 0.65 0

  PointToIndexMatrix: 
0 1.53846 0
0 0 1.53846
-1.53846 0 0

  Inverse Direction: 
0 1 0
0 0 1
-1 0 0

  PixelContainer: 
    ImportImageContainer (0x2df5bc0)
      RTTI typeinfo:   itk::ImportImageContainer<unsigned long, float>
      Reference Count: 1
      Modified Time: 2147
      Debug: Off
      Object Name: 
      Observers: 
        none
      Pointer: 0x2aaabdb14010
      Container manages memory: true
      Size: 24576000
      Capacity: 24576000

     Weighting = 1
     Sampling strategy = none
     Number of bins = 32
     Radius = 2
     Sampling percentage  = 1
   Transform = SyN
     Gradient step = 0.1
     Update field sigma (voxel space) = 2
     Total field sigma (voxel space) = 0
     Update field time sigma = 0
     Total field time sigma  = 0
     Number of time indices = 0
     Number of time point samples = 0
Registration using 3 total stages.

Stage 0
  iterations = 1000x500
  convergence threshold = 1e-06
  convergence window size = 10
  number of levels = 2
  using the CC metric (radius = 32, weight = 0.7)
  preprocessing:  winsorizing the image intensities
  Shrink factors (level 1 out of 2): [2, 2, 2]
  Shrink factors (level 2 out of 2): [1, 1, 1]
  smoothing sigmas per level: [1, 0]
  regular sampling (percentage = 0.1)

*** Running Euler3DTransform registration ***

DIAGNOSTIC,Iteration,metricValue,convergenceValue,ITERATION_TIME_INDEX,SINCE_LAST
 2DIAGNOSTIC,     1, -5.975208431482e-02, inf, 1.0334e+03, 1.0334e+03, 
 2DIAGNOSTIC,     2, -5.975208431482e-02, inf, 2.0633e+03, 1.0299e+03, 
 2DIAGNOSTIC,     3, -5.975208431482e-02, inf, 3.0924e+03, 1.0292e+03, 
 2DIAGNOSTIC,     4, -5.975208431482e-02, inf, 4.1251e+03, 1.0327e+03, 
 2DIAGNOSTIC,     5, -5.975208431482e-02, inf, 5.1467e+03, 1.0216e+03, 
 2DIAGNOSTIC,     6, -5.975208431482e-02, inf, 6.1937e+03, 1.0470e+03, 
 2DIAGNOSTIC,     7, -5.975208431482e-02, inf, 7.2156e+03, 1.0219e+03, 
 2DIAGNOSTIC,     8, -5.975208431482e-02, inf, 8.2494e+03, 1.0338e+03, 
 2DIAGNOSTIC,     9, -5.975208431482e-02, inf, 9.2869e+03, 1.0376e+03, 
 2DIAGNOSTIC,    10, -5.975208058953e-02, 3.179220357197e-06, 1.0320e+04, 1.0333e+03, 
 2DIAGNOSTIC,    11, -5.975208431482e-02, 2.890403948186e-06, 1.1365e+04, 1.0449e+03, 
 2DIAGNOSTIC,    12, -5.975208431482e-02, 2.649789848874e-06, 1.2418e+04, 1.0533e+03, 
 2DIAGNOSTIC,    13, -5.975208431482e-02, 2.446281087032e-06, 1.3473e+04, 1.0545e+03, 
 2DIAGNOSTIC,    14, -5.975208058953e-02, 2.270662434967e-06, 1.4522e+04, 1.0495e+03, 
 2DIAGNOSTIC,    15, -5.975208058953e-02, 2.118643578797e-06, 1.5570e+04, 1.0475e+03, 
 2DIAGNOSTIC,    16, -5.975208058953e-02, 1.985784365388e-06, 1.6617e+04, 1.0473e+03, 
 2DIAGNOSTIC,    17, -5.975208058953e-02, 1.868732738330e-06, 1.7665e+04, 1.0480e+03, 
 2DIAGNOSTIC,    18, -5.975208058953e-02, 1.764919943525e-06, 1.8711e+04, 1.0454e+03, 
 2DIAGNOSTIC,    19, -5.975208058953e-02, 1.672301550570e-06, 1.9752e+04, 1.0410e+03, 
 2DIAGNOSTIC,    20, -5.975208431482e-02, 1.589099952071e-06, 2.0785e+04, 1.0330e+03, 
 2DIAGNOSTIC,    21, -5.975208431482e-02, 1.514758196208e-06, 2.1817e+04, 1.0322e+03, 
 2DIAGNOSTIC,    22, -5.975208431482e-02, 1.447174781788e-06, 2.2848e+04, 1.0315e+03, 
 2DIAGNOSTIC,    23, -5.975208431482e-02, 1.385384052810e-06, 2.3880e+04, 1.0316e+03, 
 2DIAGNOSTIC,    24, -5.975208431482e-02, 1.327781774307e-06, 2.4926e+04, 1.0463e+03, 
 2DIAGNOSTIC,    25, -5.975208431482e-02, 1.274553369512e-06, 2.5953e+04, 1.0263e+03, 
 2DIAGNOSTIC,    26, -5.975208058953e-02, 1.224532525157e-06, 2.6985e+04, 1.0322e+03, 
 2DIAGNOSTIC,    27, -5.975207686424e-02, 1.177489025395e-06, 2.8016e+04, 1.0317e+03, 
 2DIAGNOSTIC,    28, -5.975207686424e-02, 1.133885803029e-06, 2.9052e+04, 1.0359e+03, 
 2DIAGNOSTIC,    29, -5.975207686424e-02, 1.093461037271e-06, 3.0079e+04, 1.0269e+03, 
 2DIAGNOSTIC,    30, -5.975207686424e-02, 1.056639007402e-06, 3.1104e+04, 1.0242e+03, 
 2DIAGNOSTIC,    31, -5.975208058953e-02, 1.023125378197e-06, 3.2131e+04, 1.0278e+03, 
DIAGNOSTIC,Iteration,metricValue,convergenceValue,ITERATION_TIME_INDEX,SINCE_LAST
 2DIAGNOSTIC,     1, -2.741660922766e-02, inf, 4.1892e+04, 9.7610e+03, 
 2DIAGNOSTIC,     2, -2.741660922766e-02, inf, 5.1724e+04, 9.8313e+03, 
 2DIAGNOSTIC,     3, -2.741660922766e-02, inf, 6.1235e+04, 9.5116e+03, 
 2DIAGNOSTIC,     4, -2.741660736501e-02, inf, 7.0442e+04, 9.2072e+03, 
 2DIAGNOSTIC,     5, -2.741660736501e-02, inf, 7.9669e+04, 9.2264e+03, 
 2DIAGNOSTIC,     6, -2.741660736501e-02, inf, 8.8961e+04, 9.2925e+03, 
 2DIAGNOSTIC,     7, -2.741660736501e-02, inf, 9.8242e+04, 9.2810e+03, 
 2DIAGNOSTIC,     8, -2.741660736501e-02, inf, 1.0743e+05, 9.1843e+03, 
 2DIAGNOSTIC,     9, -2.741660736501e-02, inf, 1.1651e+05, 9.0792e+03, 
 2DIAGNOSTIC,    10, -2.741660736501e-02, 3.176018708473e-06, 1.2566e+05, 9.1533e+03, 
